<?xml version="1.0" encoding="UTF-8"?>
<testng-results ignored="0" total="3" passed="1" failed="1" skipped="1">
  <reporter-output>
  </reporter-output>
  <suite started-at="2022-10-13T22:54:53 IST" name="Default suite" finished-at="2022-10-13T22:54:59 IST" duration-ms="6143">
    <groups>
    </groups>
    <test started-at="2022-10-13T22:54:53 IST" name="Default test" finished-at="2022-10-13T22:54:59 IST" duration-ms="6143">
      <class name="Test.ZerodhaLoginPageTest">
        <test-method is-config="true" signature="createreports()[pri:0, instance:Test.ZerodhaLoginPageTest@4659191b]" started-at="2022-10-13T22:54:53 IST" name="createreports" finished-at="2022-10-13T22:54:53 IST" duration-ms="323" status="PASS">
          <reporter-output>
          </reporter-output>
        </test-method> <!-- createreports -->
        <test-method is-config="true" signature="openBrowser()[pri:0, instance:Test.ZerodhaLoginPageTest@4659191b]" started-at="2022-10-13T22:54:53 IST" name="openBrowser" finished-at="2022-10-13T22:54:56 IST" duration-ms="3225" status="PASS">
          <reporter-output>
          </reporter-output>
        </test-method> <!-- openBrowser -->
        <test-method signature="signup()[pri:0, instance:Test.ZerodhaLoginPageTest@4659191b]" started-at="2022-10-13T22:54:56 IST" name="signup" finished-at="2022-10-13T22:54:56 IST" duration-ms="182" status="PASS">
          <reporter-output>
          </reporter-output>
        </test-method> <!-- signup -->
        <test-method is-config="true" signature="captureResults(org.testng.ITestResult)[pri:0, instance:Test.ZerodhaLoginPageTest@4659191b]" started-at="2022-10-13T22:54:56 IST" name="captureResults" finished-at="2022-10-13T22:54:56 IST" duration-ms="12" status="PASS">
          <params>
            <param index="0">
              <value>
                <![CDATA[[TestResult name=signup status=SUCCESS method=ZerodhaLoginPageTest.signup()[pri:0, instance:Test.ZerodhaLoginPageTest@4659191b] output={null}]]]>
              </value>
            </param>
          </params>
          <reporter-output>
          </reporter-output>
        </test-method> <!-- captureResults -->
        <test-method is-config="true" signature="openBrowser()[pri:0, instance:Test.ZerodhaLoginPageTest@4659191b]" started-at="2022-10-13T22:54:56 IST" name="openBrowser" finished-at="2022-10-13T22:54:58 IST" duration-ms="1878" status="PASS">
          <reporter-output>
          </reporter-output>
        </test-method> <!-- openBrowser -->
        <test-method signature="validateZerodhaLogin()[pri:0, instance:Test.ZerodhaLoginPageTest@4659191b]" started-at="2022-10-13T22:54:58 IST" name="validateZerodhaLogin" finished-at="2022-10-13T22:54:58 IST" duration-ms="6" status="FAIL">
          <exception class="java.io.FileNotFoundException">
            <message>
              <![CDATA[C:\Users\SHREE\eclipse-workspace\ZerodhaKite\src\test\resources\TestData.xlsx (The system cannot find the file specified)]]>
            </message>
            <full-stacktrace>
              <![CDATA[java.io.FileNotFoundException: C:\Users\SHREE\eclipse-workspace\ZerodhaKite\src\test\resources\TestData.xlsx (The system cannot find the file specified)
at java.base/java.io.FileInputStream.open0(Native Method)
at java.base/java.io.FileInputStream.open(FileInputStream.java:216)
at java.base/java.io.FileInputStream.<init>(FileInputStream.java:157)
at java.base/java.io.FileInputStream.<init>(FileInputStream.java:111)
at utility.Parametrization.getExelData(Parametrization.java:13)
at Test.ZerodhaLoginPageTest.validateZerodhaLogin(ZerodhaLoginPageTest.java:44)
at java.base/jdk.internal.reflect.NativeMethodAccessorImpl.invoke0(Native Method)
at java.base/jdk.internal.reflect.NativeMethodAccessorImpl.invoke(NativeMethodAccessorImpl.java:77)
at java.base/jdk.internal.reflect.DelegatingMethodAccessorImpl.invoke(DelegatingMethodAccessorImpl.java:43)
at java.base/java.lang.reflect.Method.invoke(Method.java:568)
at org.testng.internal.MethodInvocationHelper.invokeMethod(MethodInvocationHelper.java:133)
at org.testng.internal.TestInvoker.invokeMethod(TestInvoker.java:598)
at org.testng.internal.TestInvoker.invokeTestMethod(TestInvoker.java:173)
at org.testng.internal.MethodRunner.runInSequence(MethodRunner.java:46)
at org.testng.internal.TestInvoker$MethodInvocationAgent.invoke(TestInvoker.java:824)
at org.testng.internal.TestInvoker.invokeTestMethods(TestInvoker.java:146)
at org.testng.internal.TestMethodWorker.invokeTestMethods(TestMethodWorker.java:146)
at org.testng.internal.TestMethodWorker.run(TestMethodWorker.java:128)
at java.base/java.util.ArrayList.forEach(ArrayList.java:1511)
at org.testng.TestRunner.privateRun(TestRunner.java:794)
at org.testng.TestRunner.run(TestRunner.java:596)
at org.testng.SuiteRunner.runTest(SuiteRunner.java:377)
at org.testng.SuiteRunner.runSequentially(SuiteRunner.java:371)
at org.testng.SuiteRunner.privateRun(SuiteRunner.java:332)
at org.testng.SuiteRunner.run(SuiteRunner.java:276)
at org.testng.SuiteRunnerWorker.runSuite(SuiteRunnerWorker.java:53)
at org.testng.SuiteRunnerWorker.run(SuiteRunnerWorker.java:96)
at org.testng.TestNG.runSuitesSequentially(TestNG.java:1212)
at org.testng.TestNG.runSuitesLocally(TestNG.java:1134)
at org.testng.TestNG.runSuites(TestNG.java:1063)
at org.testng.TestNG.run(TestNG.java:1031)
at org.testng.remote.AbstractRemoteTestNG.run(AbstractRemoteTestNG.java:115)
at org.testng.remote.RemoteTestNG.initAndRun(RemoteTestNG.java:251)
at org.testng.remote.RemoteTestNG.main(RemoteTestNG.java:77)
]]>
            </full-stacktrace>
          </exception> <!-- java.io.FileNotFoundException -->
          <reporter-output>
          </reporter-output>
        </test-method> <!-- validateZerodhaLogin -->
        <test-method is-config="true" signature="captureResults(org.testng.ITestResult)[pri:0, instance:Test.ZerodhaLoginPageTest@4659191b]" started-at="2022-10-13T22:54:58 IST" name="captureResults" finished-at="2022-10-13T22:54:58 IST" duration-ms="1" status="PASS">
          <params>
            <param index="0">
              <value>
                <![CDATA[[TestResult name=validateZerodhaLogin status=FAILURE method=ZerodhaLoginPageTest.validateZerodhaLogin()[pri:0, instance:Test.ZerodhaLoginPageTest@4659191b] output={null}]]]>
              </value>
            </param>
          </params>
          <reporter-output>
          </reporter-output>
        </test-method> <!-- captureResults -->
        <test-method signature="forgot()[pri:0, instance:Test.ZerodhaLoginPageTest@4659191b]" started-at="2022-10-13T22:54:58 IST" name="forgot" finished-at="2022-10-13T22:54:58 IST" depends-on-methods="Test.ZerodhaLoginPageTest.validateZerodhaLogin" duration-ms="0" status="SKIP">
          <exception class="java.lang.Throwable">
            <message>
              <![CDATA[Method ZerodhaLoginPageTest.forgot()[pri:0, instance:Test.ZerodhaLoginPageTest@4659191b] depends on not successfully finished methods]]>
            </message>
            <full-stacktrace>
              <![CDATA[java.lang.Throwable: Method ZerodhaLoginPageTest.forgot()[pri:0, instance:Test.ZerodhaLoginPageTest@4659191b] depends on not successfully finished methods
at org.testng.internal.TestInvoker.invokeTestMethods(TestInvoker.java:102)
at org.testng.internal.TestMethodWorker.invokeTestMethods(TestMethodWorker.java:146)
at org.testng.internal.TestMethodWorker.run(TestMethodWorker.java:128)
at java.base/java.util.ArrayList.forEach(ArrayList.java:1511)
at org.testng.TestRunner.privateRun(TestRunner.java:794)
at org.testng.TestRunner.run(TestRunner.java:596)
at org.testng.SuiteRunner.runTest(SuiteRunner.java:377)
at org.testng.SuiteRunner.runSequentially(SuiteRunner.java:371)
at org.testng.SuiteRunner.privateRun(SuiteRunner.java:332)
at org.testng.SuiteRunner.run(SuiteRunner.java:276)
at org.testng.SuiteRunnerWorker.runSuite(SuiteRunnerWorker.java:53)
at org.testng.SuiteRunnerWorker.run(SuiteRunnerWorker.java:96)
at org.testng.TestNG.runSuitesSequentially(TestNG.java:1212)
at org.testng.TestNG.runSuitesLocally(TestNG.java:1134)
at org.testng.TestNG.runSuites(TestNG.java:1063)
at org.testng.TestNG.run(TestNG.java:1031)
at org.testng.remote.AbstractRemoteTestNG.run(AbstractRemoteTestNG.java:115)
at org.testng.remote.RemoteTestNG.initAndRun(RemoteTestNG.java:251)
at org.testng.remote.RemoteTestNG.main(RemoteTestNG.java:77)
]]>
            </full-stacktrace>
          </exception> <!-- java.lang.Throwable -->
          <reporter-output>
          </reporter-output>
        </test-method> <!-- forgot -->
        <test-method is-config="true" signature="flushResult()[pri:0, instance:Test.ZerodhaLoginPageTest@4659191b]" started-at="2022-10-13T22:54:58 IST" name="flushResult" finished-at="2022-10-13T22:54:59 IST" duration-ms="381" status="PASS">
          <reporter-output>
          </reporter-output>
        </test-method> <!-- flushResult -->
      </class> <!-- Test.ZerodhaLoginPageTest -->
    </test> <!-- Default test -->
  </suite> <!-- Default suite -->
</testng-results>
